<?xml version="1.0" encoding="UTF-8"?>
<!-- Generated by org.testng.reporters.JUnitReportReporter -->
<testsuite hostname="Himanshu" failures="0" tests="2" name="Execution.Runner" time="102.750" errors="0" timestamp="2024-03-11T13:30:57 IST" skipped="0">
  <testcase classname="Execution.Runner" name="runScenario" time="72.490"/>
  <system-out/>
  <testcase classname="Execution.Runner" name="runScenario" time="30.260"/>
  <system-out/>
</testsuite> <!-- Execution.Runner -->
