<?xml version="1.0" encoding="UTF-8"?>
<!-- Generated by org.testng.reporters.JUnitReportReporter -->
<testsuite hostname="Himanshu" failures="0" tests="2" name="Execution.Runner" time="8.414" errors="0" timestamp="2024-03-11T20:28:10 IST" skipped="0">
  <testcase classname="Execution.Runner" name="runScenario" time="5.922"/>
  <system-out/>
  <testcase classname="Execution.Runner" name="runScenario" time="2.492"/>
  <system-out/>
</testsuite> <!-- Execution.Runner -->
